# JRE version: OpenJDK Runtime Environment (17.0.11) (build 17.0.11+0--11852314)
# Java VM: OpenJDK 64-Bit Server VM (17.0.11+0--11852314, mixed mode, tiered, compressed oops, compressed class ptrs, g1 gc, windows-amd64)
GC Precious Log:
 CPUs: 8 total, 8 available
 Memory: 15310M
 Large Page Support: Disabled
 NUMA Support: Disabled
 Compressed Oops: Enabled (Zero based)
 Heap Region Size: 2M
 Heap Min Capacity: 8M
 Heap Initial Capacity: 240M
 Heap Max Capacity: 4G
 Pre-touch: Disabled
 Parallel Workers: 8
 Concurrent Workers: 2
 Concurrent Refinement Workers: 8
 Periodic GC: Disabled
Heap:
 garbage-first heap   total 608256K, used 170060K [0x0000000700000000, 0x0000000800000000)
  region size 2048K, 7 young (14336K), 7 survivors (14336K)
 Metaspace       used 162267K, committed 164096K, reserved 1245184K
  class space    used 21044K, committed 21952K, reserved 1048576K
GC Heap History (20 events):
Event: 18665.644 GC heap after
{Heap after GC invocations=178 (full 0):
 garbage-first heap   total 546816K, used 149315K [0x0000000700000000, 0x0000000800000000)
  region size 2048K, 2 young (4096K), 2 survivors (4096K)
 Metaspace       used 161953K, committed 163840K, reserved 1245184K
  class space    used 21038K, committed 21952K, reserved 1048576K
}
Event: 18665.768 GC heap before
{Heap before GC invocations=178 (full 0):
 garbage-first heap   total 546816K, used 161603K [0x0000000700000000, 0x0000000800000000)
  region size 2048K, 10 young (20480K), 2 survivors (4096K)
 Metaspace       used 161959K, committed 163840K, reserved 1245184K
  class space    used 21038K, committed 21952K, reserved 1048576K
}
Event: 18665.786 GC heap after
{Heap after GC invocations=179 (full 0):
 garbage-first heap   total 1515520K, used 150779K [0x0000000700000000, 0x0000000800000000)
  region size 2048K, 3 young (6144K), 3 survivors (6144K)
 Metaspace       used 161959K, committed 163840K, reserved 1245184K
  class space    used 21038K, committed 21952K, reserved 1048576K
}
Event: 18675.330 GC heap before
{Heap before GC invocations=180 (full 0):
 garbage-first heap   total 608256K, used 543995K [0x0000000700000000, 0x0000000800000000)
  region size 2048K, 180 young (368640K), 3 survivors (6144K)
 Metaspace       used 162032K, committed 163904K, reserved 1245184K
  class space    used 21040K, committed 21952K, reserved 1048576K
}
Event: 18675.392 GC heap after
{Heap after GC invocations=181 (full 0):
 garbage-first heap   total 608256K, used 189063K [0x0000000700000000, 0x0000000800000000)
  region size 2048K, 22 young (45056K), 22 survivors (45056K)
 Metaspace       used 162032K, committed 163904K, reserved 1245184K
  class space    used 21040K, committed 21952K, reserved 1048576K
}
Event: 18675.407 GC heap before
{Heap before GC invocations=181 (full 0):
 garbage-first heap   total 608256K, used 191111K [0x0000000700000000, 0x0000000800000000)
  region size 2048K, 23 young (47104K), 22 survivors (45056K)
 Metaspace       used 162032K, committed 163904K, reserved 1245184K
  class space    used 21040K, committed 21952K, reserved 1048576K
}
Event: 18675.453 GC heap after
{Heap after GC invocations=182 (full 0):
 garbage-first heap   total 608256K, used 178112K [0x0000000700000000, 0x0000000800000000)
  region size 2048K, 3 young (6144K), 3 survivors (6144K)
 Metaspace       used 162032K, committed 163904K, reserved 1245184K
  class space    used 21040K, committed 21952K, reserved 1048576K
}
Event: 18677.963 GC heap before
{Heap before GC invocations=182 (full 0):
 garbage-first heap   total 608256K, used 448448K [0x0000000700000000, 0x0000000800000000)
  region size 2048K, 136 young (278528K), 3 survivors (6144K)
 Metaspace       used 162055K, committed 163904K, reserved 1245184K
  class space    used 21041K, committed 21952K, reserved 1048576K
}
Event: 18677.992 GC heap after
{Heap after GC invocations=183 (full 0):
 garbage-first heap   total 608256K, used 197908K [0x0000000700000000, 0x0000000800000000)
  region size 2048K, 13 young (26624K), 13 survivors (26624K)
 Metaspace       used 162055K, committed 163904K, reserved 1245184K
  class space    used 21041K, committed 21952K, reserved 1048576K
}
Event: 18678.687 GC heap before
{Heap before GC invocations=184 (full 0):
 garbage-first heap   total 608256K, used 458004K [0x0000000700000000, 0x0000000800000000)
  region size 2048K, 140 young (286720K), 13 survivors (26624K)
 Metaspace       used 162056K, committed 163904K, reserved 1245184K
  class space    used 21041K, committed 21952K, reserved 1048576K
}
Event: 18678.720 GC heap after
{Heap after GC invocations=185 (full 0):
 garbage-first heap   total 608256K, used 198259K [0x0000000700000000, 0x0000000800000000)
  region size 2048K, 3 young (6144K), 3 survivors (6144K)
 Metaspace       used 162056K, committed 163904K, reserved 1245184K
  class space    used 21041K, committed 21952K, reserved 1048576K
}
Event: 18678.750 GC heap before
{Heap before GC invocations=185 (full 0):
 garbage-first heap   total 608256K, used 220787K [0x0000000700000000, 0x0000000800000000)
  region size 2048K, 14 young (28672K), 3 survivors (6144K)
 Metaspace       used 162056K, committed 163904K, reserved 1245184K
  class space    used 21041K, committed 21952K, reserved 1048576K
}
Event: 18678.769 GC heap after
{Heap after GC invocations=186 (full 0):
 garbage-first heap   total 608256K, used 187795K [0x0000000700000000, 0x0000000800000000)
  region size 2048K, 1 young (2048K), 1 survivors (2048K)
 Metaspace       used 162056K, committed 163904K, reserved 1245184K
  class space    used 21041K, committed 21952K, reserved 1048576K
}
Event: 18679.553 GC heap before
{Heap before GC invocations=186 (full 0):
 garbage-first heap   total 608256K, used 470419K [0x0000000700000000, 0x0000000800000000)
  region size 2048K, 140 young (286720K), 1 survivors (2048K)
 Metaspace       used 162064K, committed 163968K, reserved 1245184K
  class space    used 21042K, committed 21952K, reserved 1048576K
}
Event: 18679.560 GC heap after
{Heap after GC invocations=187 (full 0):
 garbage-first heap   total 608256K, used 190302K [0x0000000700000000, 0x0000000800000000)
  region size 2048K, 2 young (4096K), 2 survivors (4096K)
 Metaspace       used 162064K, committed 163968K, reserved 1245184K
  class space    used 21042K, committed 21952K, reserved 1048576K
}
Event: 18832.647 GC heap before
{Heap before GC invocations=188 (full 0):
 garbage-first heap   total 608256K, used 558942K [0x0000000700000000, 0x0000000800000000)
  region size 2048K, 146 young (299008K), 2 survivors (4096K)
 Metaspace       used 162233K, committed 164096K, reserved 1245184K
  class space    used 21042K, committed 21952K, reserved 1048576K
}
Event: 18832.661 GC heap after
{Heap after GC invocations=189 (full 0):
 garbage-first heap   total 608256K, used 186076K [0x0000000700000000, 0x0000000800000000)
  region size 2048K, 3 young (6144K), 3 survivors (6144K)
 Metaspace       used 162233K, committed 164096K, reserved 1245184K
  class space    used 21042K, committed 21952K, reserved 1048576K
}
Event: 18833.031 GC heap before
{Heap before GC invocations=189 (full 0):
 garbage-first heap   total 608256K, used 206556K [0x0000000700000000, 0x0000000800000000)
  region size 2048K, 14 young (28672K), 3 survivors (6144K)
 Metaspace       used 162253K, committed 164096K, reserved 1245184K
  class space    used 21042K, committed 21952K, reserved 1048576K
}
Event: 18833.050 GC heap after
{Heap after GC invocations=190 (full 0):
 garbage-first heap   total 608256K, used 159975K [0x0000000700000000, 0x0000000800000000)
  region size 2048K, 2 young (4096K), 2 survivors (4096K)
 Metaspace       used 162253K, committed 164096K, reserved 1245184K
  class space    used 21042K, committed 21952K, reserved 1048576K
}
Event: 18834.735 GC heap before
{Heap before GC invocations=190 (full 0):
 garbage-first heap   total 608256K, used 219367K [0x0000000700000000, 0x0000000800000000)
  region size 2048K, 33 young (67584K), 2 survivors (4096K)
 Metaspace       used 162267K, committed 164096K, reserved 1245184K
  class space    used 21044K, committed 21952K, reserved 1048576K
}

